build/app/intermediates/manifest_merge_blame_file/debug/manifest-merger-blame-debug-report.txt
1<?xml version="1.0" encoding="utf-8"?>
2<manifest xmlns:android="http://schemas.android.com/apk/res/android"
3    package="com.example.my_kec"
4    android:versionCode="1"
5    android:versionName="1.0.0" >
6
7    <uses-sdk
8        android:minSdkVersion="19"
9        android:targetSdkVersion="31" />
10    <!--
11         The INTERNET permission is required for development. Specifically,
12         the Flutter tool needs it to communicate with the running application
13         to allow setting breakpoints, to provide hot reload, etc.
14    -->
15    <uses-permission android:name="android.permission.INTERNET" />
15-->src\debug\AndroidManifest.xml:7:5-66
15-->src\debug\AndroidManifest.xml:7:22-64
16    <uses-permission android:name="android.permission.WAKE_LOCK" />
16-->[:firebase_messaging] AndroidManifest.xml:10:5-68
16-->[:firebase_messaging] AndroidManifest.xml:10:22-65
17    <uses-permission android:name="android.permission.ACCESS_NETWORK_STATE" />
17-->[:firebase_messaging] AndroidManifest.xml:11:5-79
17-->[:firebase_messaging] AndroidManifest.xml:11:22-76
18    <uses-permission android:name="android.permission.POST_NOTIFICATIONS" /> <!-- Required by older versions of Google Play services to create IID tokens -->
18-->[com.google.firebase:firebase-messaging:23.0.7] AndroidManifest.xml:26:5-77
18-->[com.google.firebase:firebase-messaging:23.0.7] AndroidManifest.xml:26:22-74
19    <uses-permission android:name="com.google.android.c2dm.permission.RECEIVE" />
19-->[com.google.firebase:firebase-messaging:23.0.7] AndroidManifest.xml:29:5-82
19-->[com.google.firebase:firebase-messaging:23.0.7] AndroidManifest.xml:29:22-79
20
21    <application
22        android:name="android.app.Application"
23        android:appComponentFactory="androidx.core.app.CoreComponentFactory"
23-->[androidx.core:core:1.8.0] AndroidManifest.xml:24:18-86
24        android:debuggable="true"
25        android:icon="@mipmap/ic_launcher"
26        android:label="My KEC" >
27        <activity
28            android:name="com.example.my_kec.MainActivity"
29            android:configChanges="orientation|keyboardHidden|keyboard|screenSize|smallestScreenSize|locale|layoutDirection|fontScale|screenLayout|density|uiMode"
30            android:exported="true"
31            android:hardwareAccelerated="true"
32            android:launchMode="singleTop"
33            android:screenOrientation="portrait"
34            android:theme="@style/LaunchTheme"
35            android:windowSoftInputMode="adjustResize" >
36
37            <!--
38                 Specifies an Android theme to apply to this Activity as soon as
39                 the Android process has started. This theme is visible to the user
40                 while the Flutter UI initializes. After that, this theme continues
41                 to determine the Window background behind the Flutter UI.
42            -->
43            <meta-data
44                android:name="io.flutter.embedding.android.NormalTheme"
45                android:resource="@style/NormalTheme" />
46
47            <intent-filter>
48                <action android:name="android.intent.action.MAIN" />
49
50                <category android:name="android.intent.category.LAUNCHER" />
51            </intent-filter>
52        </activity>
53        <!--
54             Don't delete the meta-data below.
55             This is used by the Flutter tool to generate GeneratedPluginRegistrant.java
56        -->
57        <meta-data
58            android:name="flutterEmbedding"
59            android:value="2" />
60
61        <service
61-->[:firebase_messaging] AndroidManifest.xml:14:9-17:72
62            android:name="io.flutter.plugins.firebase.messaging.FlutterFirebaseMessagingBackgroundService"
62-->[:firebase_messaging] AndroidManifest.xml:15:13-107
63            android:exported="false"
63-->[:firebase_messaging] AndroidManifest.xml:16:13-37
64            android:permission="android.permission.BIND_JOB_SERVICE" />
64-->[:firebase_messaging] AndroidManifest.xml:17:13-69
65        <service
65-->[:firebase_messaging] AndroidManifest.xml:18:9-24:19
66            android:name="io.flutter.plugins.firebase.messaging.FlutterFirebaseMessagingService"
66-->[:firebase_messaging] AndroidManifest.xml:19:13-97
67            android:exported="false" >
67-->[:firebase_messaging] AndroidManifest.xml:20:13-37
68            <intent-filter>
68-->[:firebase_messaging] AndroidManifest.xml:21:13-23:29
69                <action android:name="com.google.firebase.MESSAGING_EVENT" />
69-->[:firebase_messaging] AndroidManifest.xml:22:17-78
69-->[:firebase_messaging] AndroidManifest.xml:22:25-75
70            </intent-filter>
71        </service>
72
73        <receiver
73-->[:firebase_messaging] AndroidManifest.xml:26:9-33:20
74            android:name="io.flutter.plugins.firebase.messaging.FlutterFirebaseMessagingReceiver"
74-->[:firebase_messaging] AndroidManifest.xml:27:13-98
75            android:exported="true"
75-->[:firebase_messaging] AndroidManifest.xml:28:13-36
76            android:permission="com.google.android.c2dm.permission.SEND" >
76-->[:firebase_messaging] AndroidManifest.xml:29:13-73
77            <intent-filter>
77-->[:firebase_messaging] AndroidManifest.xml:30:13-32:29
78                <action android:name="com.google.android.c2dm.intent.RECEIVE" />
78-->[:firebase_messaging] AndroidManifest.xml:31:17-81
78-->[:firebase_messaging] AndroidManifest.xml:31:25-78
79            </intent-filter>
80        </receiver>
81
82        <service
82-->[:firebase_messaging] AndroidManifest.xml:35:9-39:19
83            android:name="com.google.firebase.components.ComponentDiscoveryService"
83-->[:firebase_messaging] AndroidManifest.xml:35:18-89
84            android:directBootAware="true"
84-->[com.google.firebase:firebase-common:20.1.1] AndroidManifest.xml:35:13-43
85            android:exported="false" >
85-->[com.google.firebase:firebase-messaging:23.0.7] AndroidManifest.xml:55:13-37
86            <meta-data
86-->[:firebase_messaging] AndroidManifest.xml:36:13-38:85
87                android:name="com.google.firebase.components:io.flutter.plugins.firebase.messaging.FlutterFirebaseAppRegistrar"
87-->[:firebase_messaging] AndroidManifest.xml:37:17-128
88                android:value="com.google.firebase.components.ComponentRegistrar" />
88-->[:firebase_messaging] AndroidManifest.xml:38:17-82
89            <meta-data
89-->[:firebase_core] AndroidManifest.xml:11:13-13:85
90                android:name="com.google.firebase.components:io.flutter.plugins.firebase.core.FlutterFirebaseCoreRegistrar"
90-->[:firebase_core] AndroidManifest.xml:12:17-124
91                android:value="com.google.firebase.components.ComponentRegistrar" />
91-->[:firebase_core] AndroidManifest.xml:13:17-82
92            <meta-data
92-->[com.google.firebase:firebase-messaging:23.0.7] AndroidManifest.xml:56:13-58:85
93                android:name="com.google.firebase.components:com.google.firebase.messaging.FirebaseMessagingRegistrar"
93-->[com.google.firebase:firebase-messaging:23.0.7] AndroidManifest.xml:57:17-119
94                android:value="com.google.firebase.components.ComponentRegistrar" />
94-->[com.google.firebase:firebase-messaging:23.0.7] AndroidManifest.xml:58:17-82
95            <meta-data
95-->[com.google.firebase:firebase-datatransport:18.1.5] AndroidManifest.xml:28:13-30:85
96                android:name="com.google.firebase.components:com.google.firebase.datatransport.TransportRegistrar"
96-->[com.google.firebase:firebase-datatransport:18.1.5] AndroidManifest.xml:29:17-115
97                android:value="com.google.firebase.components.ComponentRegistrar" />
97-->[com.google.firebase:firebase-datatransport:18.1.5] AndroidManifest.xml:30:17-82
98            <meta-data
98-->[com.google.firebase:firebase-installations:17.0.1] AndroidManifest.xml:18:13-20:85
99                android:name="com.google.firebase.components:com.google.firebase.installations.FirebaseInstallationsRegistrar"
99-->[com.google.firebase:firebase-installations:17.0.1] AndroidManifest.xml:19:17-127
100                android:value="com.google.firebase.components.ComponentRegistrar" />
100-->[com.google.firebase:firebase-installations:17.0.1] AndroidManifest.xml:20:17-82
101        </service>
102
103        <provider
103-->[:firebase_messaging] AndroidManifest.xml:41:9-45:38
104            android:name="io.flutter.plugins.firebase.messaging.FlutterFirebaseMessagingInitProvider"
104-->[:firebase_messaging] AndroidManifest.xml:42:13-102
105            android:authorities="com.example.my_kec.flutterfirebasemessaginginitprovider"
105-->[:firebase_messaging] AndroidManifest.xml:43:13-88
106            android:exported="false"
106-->[:firebase_messaging] AndroidManifest.xml:44:13-37
107            android:initOrder="99" />
107-->[:firebase_messaging] AndroidManifest.xml:45:13-35
108        <provider
108-->[:image_picker_android] AndroidManifest.xml:10:9-18:20
109            android:name="io.flutter.plugins.imagepicker.ImagePickerFileProvider"
109-->[:image_picker_android] AndroidManifest.xml:11:13-82
110            android:authorities="com.example.my_kec.flutter.image_provider"
110-->[:image_picker_android] AndroidManifest.xml:12:13-74
111            android:exported="false"
111-->[:image_picker_android] AndroidManifest.xml:13:13-37
112            android:grantUriPermissions="true" >
112-->[:image_picker_android] AndroidManifest.xml:14:13-47
113            <meta-data
113-->[:image_picker_android] AndroidManifest.xml:15:13-17:75
114                android:name="android.support.FILE_PROVIDER_PATHS"
114-->[:image_picker_android] AndroidManifest.xml:16:17-67
115                android:resource="@xml/flutter_image_picker_file_paths" />
115-->[:image_picker_android] AndroidManifest.xml:17:17-72
116        </provider>
117
118        <activity
118-->[:url_launcher_android] AndroidManifest.xml:10:9-13:74
119            android:name="io.flutter.plugins.urllauncher.WebViewActivity"
119-->[:url_launcher_android] AndroidManifest.xml:11:13-74
120            android:exported="false"
120-->[:url_launcher_android] AndroidManifest.xml:12:13-37
121            android:theme="@android:style/Theme.NoTitleBar.Fullscreen" />
121-->[:url_launcher_android] AndroidManifest.xml:13:13-71
122
123        <uses-library
123-->[androidx.window:window:1.0.0-beta04] AndroidManifest.xml:25:9-27:40
124            android:name="androidx.window.extensions"
124-->[androidx.window:window:1.0.0-beta04] AndroidManifest.xml:26:13-54
125            android:required="false" />
125-->[androidx.window:window:1.0.0-beta04] AndroidManifest.xml:27:13-37
126        <uses-library
126-->[androidx.window:window:1.0.0-beta04] AndroidManifest.xml:28:9-30:40
127            android:name="androidx.window.sidecar"
127-->[androidx.window:window:1.0.0-beta04] AndroidManifest.xml:29:13-51
128            android:required="false" />
128-->[androidx.window:window:1.0.0-beta04] AndroidManifest.xml:30:13-37
129
130        <receiver
130-->[com.google.firebase:firebase-messaging:23.0.7] AndroidManifest.xml:32:9-39:20
131            android:name="com.google.firebase.iid.FirebaseInstanceIdReceiver"
131-->[com.google.firebase:firebase-messaging:23.0.7] AndroidManifest.xml:33:13-78
132            android:exported="true"
132-->[com.google.firebase:firebase-messaging:23.0.7] AndroidManifest.xml:34:13-36
133            android:permission="com.google.android.c2dm.permission.SEND" >
133-->[com.google.firebase:firebase-messaging:23.0.7] AndroidManifest.xml:35:13-73
134            <intent-filter>
134-->[:firebase_messaging] AndroidManifest.xml:30:13-32:29
135                <action android:name="com.google.android.c2dm.intent.RECEIVE" />
135-->[:firebase_messaging] AndroidManifest.xml:31:17-81
135-->[:firebase_messaging] AndroidManifest.xml:31:25-78
136            </intent-filter>
137        </receiver>
138        <!--
139             FirebaseMessagingService performs security checks at runtime,
140             but set to not exported to explicitly avoid allowing another app to call it.
141        -->
142        <service
142-->[com.google.firebase:firebase-messaging:23.0.7] AndroidManifest.xml:45:9-52:19
143            android:name="com.google.firebase.messaging.FirebaseMessagingService"
143-->[com.google.firebase:firebase-messaging:23.0.7] AndroidManifest.xml:46:13-82
144            android:directBootAware="true"
144-->[com.google.firebase:firebase-messaging:23.0.7] AndroidManifest.xml:47:13-43
145            android:exported="false" >
145-->[com.google.firebase:firebase-messaging:23.0.7] AndroidManifest.xml:48:13-37
146            <intent-filter android:priority="-500" >
146-->[:firebase_messaging] AndroidManifest.xml:21:13-23:29
147                <action android:name="com.google.firebase.MESSAGING_EVENT" />
147-->[:firebase_messaging] AndroidManifest.xml:22:17-78
147-->[:firebase_messaging] AndroidManifest.xml:22:25-75
148            </intent-filter>
149        </service>
150        <service
150-->[com.google.android.datatransport:transport-backend-cct:3.1.6] AndroidManifest.xml:29:9-35:19
151            android:name="com.google.android.datatransport.runtime.backends.TransportBackendDiscovery"
151-->[com.google.android.datatransport:transport-backend-cct:3.1.6] AndroidManifest.xml:30:13-103
152            android:exported="false" >
152-->[com.google.android.datatransport:transport-backend-cct:3.1.6] AndroidManifest.xml:31:13-37
153            <meta-data
153-->[com.google.android.datatransport:transport-backend-cct:3.1.6] AndroidManifest.xml:32:13-34:39
154                android:name="backend:com.google.android.datatransport.cct.CctBackendFactory"
154-->[com.google.android.datatransport:transport-backend-cct:3.1.6] AndroidManifest.xml:33:17-94
155                android:value="cct" />
155-->[com.google.android.datatransport:transport-backend-cct:3.1.6] AndroidManifest.xml:34:17-36
156        </service>
157        <service
157-->[com.google.android.datatransport:transport-runtime:3.1.6] AndroidManifest.xml:26:9-30:19
158            android:name="com.google.android.datatransport.runtime.scheduling.jobscheduling.JobInfoSchedulerService"
158-->[com.google.android.datatransport:transport-runtime:3.1.6] AndroidManifest.xml:27:13-117
159            android:exported="false"
159-->[com.google.android.datatransport:transport-runtime:3.1.6] AndroidManifest.xml:28:13-37
160            android:permission="android.permission.BIND_JOB_SERVICE" >
160-->[com.google.android.datatransport:transport-runtime:3.1.6] AndroidManifest.xml:29:13-69
161        </service>
162
163        <receiver
163-->[com.google.android.datatransport:transport-runtime:3.1.6] AndroidManifest.xml:32:9-34:40
164            android:name="com.google.android.datatransport.runtime.scheduling.jobscheduling.AlarmManagerSchedulerBroadcastReceiver"
164-->[com.google.android.datatransport:transport-runtime:3.1.6] AndroidManifest.xml:33:13-132
165            android:exported="false" />
165-->[com.google.android.datatransport:transport-runtime:3.1.6] AndroidManifest.xml:34:13-37
166
167        <provider
167-->[com.google.firebase:firebase-common:20.1.1] AndroidManifest.xml:26:9-31:39
168            android:name="com.google.firebase.provider.FirebaseInitProvider"
168-->[com.google.firebase:firebase-common:20.1.1] AndroidManifest.xml:27:13-77
169            android:authorities="com.example.my_kec.firebaseinitprovider"
169-->[com.google.firebase:firebase-common:20.1.1] AndroidManifest.xml:28:13-72
170            android:directBootAware="true"
170-->[com.google.firebase:firebase-common:20.1.1] AndroidManifest.xml:29:13-43
171            android:exported="false"
171-->[com.google.firebase:firebase-common:20.1.1] AndroidManifest.xml:30:13-37
172            android:initOrder="100" />
172-->[com.google.firebase:firebase-common:20.1.1] AndroidManifest.xml:31:13-36
173
174        <activity
174-->[com.google.android.gms:play-services-base:18.0.1] AndroidManifest.xml:20:9-22:45
175            android:name="com.google.android.gms.common.api.GoogleApiActivity"
175-->[com.google.android.gms:play-services-base:18.0.1] AndroidManifest.xml:20:19-85
176            android:exported="false"
176-->[com.google.android.gms:play-services-base:18.0.1] AndroidManifest.xml:22:19-43
177            android:theme="@android:style/Theme.Translucent.NoTitleBar" />
177-->[com.google.android.gms:play-services-base:18.0.1] AndroidManifest.xml:21:19-78
178
179        <meta-data
179-->[com.google.android.gms:play-services-basement:18.0.0] AndroidManifest.xml:21:9-23:69
180            android:name="com.google.android.gms.version"
180-->[com.google.android.gms:play-services-basement:18.0.0] AndroidManifest.xml:22:13-58
181            android:value="@integer/google_play_services_version" />
181-->[com.google.android.gms:play-services-basement:18.0.0] AndroidManifest.xml:23:13-66
182    </application>
183
184</manifest>